0 silly argv { _: [ 'version' ], lernaVersion: '3.22.1', '$0': 'lerna' }
1 notice cli v3.22.1
2 verbose rootPath /Users/meiqiuu/AuthingCode/authing-ui-components
3 info current version 3.1.25
4 silly isAnythingCommitted
5 verbose isAnythingCommitted 1
6 silly currentBranch
7 verbose currentBranch master
8 silly remoteBranchExists
9 silly isBehindUpstream
10 silly isBehindUpstream master is behind origin/master by 0 commit(s) and ahead by 2
11 silly hasTags
12 verbose hasTags true
13 silly git-describe.sync "v3.1.25-10-g282acbab" => {"lastTagName":"v3.1.25","lastVersion":"v3.1.25","refCount":"10","sha":"282acbab","isDirty":false}
14 info Looking for changed packages since v3.1.25
15 silly checking diff packages/angular-components
16 silly found diff in packages/angular-components/package.json
17 verbose filtered diff [ 'packages/angular-components/package.json' ]
18 silly checking diff packages/angular-components/projects/ng-ui-components
19 silly no diff found in @authing/ng-ui-components
20 silly checking diff packages/native-js
21 silly found diff in packages/native-js/package.json
22 verbose filtered diff [ 'packages/native-js/package.json' ]
23 silly checking diff packages/react-components
24 silly found diff in packages/react-components/components/AuthingGuard/api/appConfig.ts
24 silly found diff in packages/react-components/components/AuthingGuard/api/sso.ts
24 silly found diff in packages/react-components/components/ChangePassword/businessRequest.ts
24 silly found diff in packages/react-components/components/ChangePassword/core/PasswordNotSafeReset.tsx
24 silly found diff in packages/react-components/components/ChangePassword/core/completePassword.tsx
24 silly found diff in packages/react-components/components/ChangePassword/core/firstLoginReset.tsx
24 silly found diff in packages/react-components/components/ChangePassword/core/rotateReset.tsx
24 silly found diff in packages/react-components/components/ChangePassword/index.tsx
24 silly found diff in packages/react-components/components/ForgetPassword/core/resetPassword.tsx
24 silly found diff in packages/react-components/components/Guard/core/renderModule.tsx
24 silly found diff in packages/react-components/components/Guard/module.ts
24 silly found diff in packages/react-components/components/Guard/sso.ts
24 silly found diff in packages/react-components/components/IconFont/useGuardIconfont.ts
24 silly found diff in packages/react-components/components/Login/core/withAD.tsx
24 silly found diff in packages/react-components/components/Login/core/withPassword/FormItemAccount.tsx
24 silly found diff in packages/react-components/components/Login/core/withPassword/InputAccount.tsx
24 silly found diff in packages/react-components/components/Login/core/withPassword/index.tsx
24 silly found diff in packages/react-components/components/Login/index.tsx
24 silly found diff in packages/react-components/components/Register/core/WithEmail.tsx
24 silly found diff in packages/react-components/components/SelfUnlock/core/selfUnlock.tsx
24 silly found diff in packages/react-components/components/ValidatorRules/ValidatorFormItem.tsx
24 silly found diff in packages/react-components/components/ValidatorRules/index.ts
24 silly found diff in packages/react-components/components/_utils/guardHttp.ts
24 silly found diff in packages/react-components/components/_utils/http.ts
24 silly found diff in packages/react-components/components/_utils/locales/en/common.json
24 silly found diff in packages/react-components/components/_utils/locales/index.ts
24 silly found diff in packages/react-components/components/_utils/locales/zh/common.json
24 silly found diff in packages/react-components/components/_utils/locales/zh/login.json
24 silly found diff in packages/react-components/components/_utils/responseManagement/interface.ts
24 silly found diff in packages/react-components/components/_utils/useErrorText.tsx
24 silly found diff in packages/react-components/package.json
25 verbose filtered diff [
25 verbose filtered diff   'packages/react-components/components/AuthingGuard/api/appConfig.ts',
25 verbose filtered diff   'packages/react-components/components/AuthingGuard/api/sso.ts',
25 verbose filtered diff   'packages/react-components/components/ChangePassword/businessRequest.ts',
25 verbose filtered diff   'packages/react-components/components/ChangePassword/core/PasswordNotSafeReset.tsx',
25 verbose filtered diff   'packages/react-components/components/ChangePassword/core/completePassword.tsx',
25 verbose filtered diff   'packages/react-components/components/ChangePassword/core/firstLoginReset.tsx',
25 verbose filtered diff   'packages/react-components/components/ChangePassword/core/rotateReset.tsx',
25 verbose filtered diff   'packages/react-components/components/ChangePassword/index.tsx',
25 verbose filtered diff   'packages/react-components/components/ForgetPassword/core/resetPassword.tsx',
25 verbose filtered diff   'packages/react-components/components/Guard/core/renderModule.tsx',
25 verbose filtered diff   'packages/react-components/components/Guard/module.ts',
25 verbose filtered diff   'packages/react-components/components/Guard/sso.ts',
25 verbose filtered diff   'packages/react-components/components/IconFont/useGuardIconfont.ts',
25 verbose filtered diff   'packages/react-components/components/Login/core/withAD.tsx',
25 verbose filtered diff   'packages/react-components/components/Login/core/withPassword/FormItemAccount.tsx',
25 verbose filtered diff   'packages/react-components/components/Login/core/withPassword/InputAccount.tsx',
25 verbose filtered diff   'packages/react-components/components/Login/core/withPassword/index.tsx',
25 verbose filtered diff   'packages/react-components/components/Login/index.tsx',
25 verbose filtered diff   'packages/react-components/components/Register/core/WithEmail.tsx',
25 verbose filtered diff   'packages/react-components/components/SelfUnlock/core/selfUnlock.tsx',
25 verbose filtered diff   'packages/react-components/components/ValidatorRules/ValidatorFormItem.tsx',
25 verbose filtered diff   'packages/react-components/components/ValidatorRules/index.ts',
25 verbose filtered diff   'packages/react-components/components/_utils/guardHttp.ts',
25 verbose filtered diff   'packages/react-components/components/_utils/http.ts',
25 verbose filtered diff   'packages/react-components/components/_utils/locales/en/common.json',
25 verbose filtered diff   'packages/react-components/components/_utils/locales/index.ts',
25 verbose filtered diff   'packages/react-components/components/_utils/locales/zh/common.json',
25 verbose filtered diff   'packages/react-components/components/_utils/locales/zh/login.json',
25 verbose filtered diff   'packages/react-components/components/_utils/responseManagement/interface.ts',
25 verbose filtered diff   'packages/react-components/components/_utils/useErrorText.tsx',
25 verbose filtered diff   'packages/react-components/package.json'
25 verbose filtered diff ]
26 silly checking diff packages/vue-components
27 silly found diff in packages/vue-components/package.json
28 verbose filtered diff [ 'packages/vue-components/package.json' ]
29 verbose updated angular-components
30 verbose updated @authing/ng-ui-components
31 verbose updated @authing/native-js-ui-components
32 verbose updated @authing/react-ui-components
33 verbose updated @authing/vue-ui-components
34 verbose git-describe undefined => "v3.1.25-10-g282acbab"
35 silly git-describe parsed => {"lastTagName":"v3.1.25","lastVersion":"v3.1.25","refCount":"10","sha":"282acbab","isDirty":false}
36 info execute Skipping releases
37 silly lifecycle No script for "preversion" in "root", continuing
38 silly lifecycle No script for "preversion" in "@authing/react-ui-components", continuing
39 silly lifecycle No script for "version" in "@authing/react-ui-components", continuing
40 silly lifecycle No script for "preversion" in "@authing/native-js-ui-components", continuing
41 silly lifecycle No script for "version" in "@authing/native-js-ui-components", continuing
42 silly lifecycle No script for "preversion" in "angular-components", continuing
43 silly lifecycle No script for "preversion" in "@authing/ng-ui-components", continuing
44 silly lifecycle No script for "preversion" in "@authing/vue-ui-components", continuing
45 silly lifecycle No script for "version" in "@authing/ng-ui-components", continuing
46 silly lifecycle No script for "version" in "@authing/vue-ui-components", continuing
47 silly lifecycle No script for "version" in "angular-components", continuing
48 silly lifecycle No script for "version" in "root", continuing
49 silly gitAdd [
49 silly gitAdd   'packages/react-components/package.json',
49 silly gitAdd   'packages/react-components/package-lock.json',
49 silly gitAdd   'packages/native-js/package.json',
49 silly gitAdd   'packages/angular-components/projects/ng-ui-components/package.json',
49 silly gitAdd   'packages/vue-components/package.json',
49 silly gitAdd   'packages/angular-components/package.json',
49 silly gitAdd   'packages/angular-components/package-lock.json',
49 silly gitAdd   'lerna.json'
49 silly gitAdd ]
50 error Error: Command failed: git add -- packages/react-components/package.json packages/react-components/package-lock.json packages/native-js/package.json packages/angular-components/projects/ng-ui-components/package.json packages/vue-components/package.json packages/angular-components/package.json packages/angular-components/package-lock.json lerna.json
50 error The following paths are ignored by one of your .gitignore files:
50 error packages/react-components/package-lock.json
50 error hint: Use -f if you really want to add them.
50 error hint: Turn this message off by running
50 error hint: "git config advice.addIgnoredFile false"
50 error
50 error     at makeError (/Users/meiqiuu/AuthingCode/authing-ui-components/node_modules/execa/index.js:174:9)
50 error     at /Users/meiqiuu/AuthingCode/authing-ui-components/node_modules/execa/index.js:278:16
50 error     at processTicksAndRejections (internal/process/task_queues.js:95:5)
